<?xml version="1.0" encoding="UTF-8"?>
<testsuite xmlns:xsi="http://www.w3.org/2001/XMLSchema-instance" xsi:noNamespaceSchemaLocation="https://maven.apache.org/surefire/maven-surefire-plugin/xsd/surefire-test-report.xsd" name="com.sm.AppTest" time="0.047" tests="1" errors="0" skipped="0" failures="0">
  <properties>
    <property name="awt.toolkit" value="sun.awt.X11.XToolkit"/>
    <property name="java.specification.version" value="11"/>
    <property name="sun.cpu.isalist" value=""/>
    <property name="sun.jnu.encoding" value="UTF-8"/>
    <property name="java.class.path" value="/home/atlas/coding/mongodb/socialmedia/target/test-classes:/home/atlas/coding/mongodb/socialmedia/target/classes:/home/atlas/.m2/repository/junit/junit/4.11/junit-4.11.jar:/home/atlas/.m2/repository/org/hamcrest/hamcrest-core/1.3/hamcrest-core-1.3.jar:/home/atlas/.m2/repository/org/mongodb/mongodb-driver-sync/4.10.2/mongodb-driver-sync-4.10.2.jar:/home/atlas/.m2/repository/org/mongodb/bson/4.10.2/bson-4.10.2.jar:/home/atlas/.m2/repository/org/mongodb/mongodb-driver-core/4.10.2/mongodb-driver-core-4.10.2.jar:/home/atlas/.m2/repository/org/mongodb/bson-record-codec/4.10.2/bson-record-codec-4.10.2.jar:/home/atlas/.m2/repository/com/github/javafaker/javafaker/1.0.2/javafaker-1.0.2.jar:/home/atlas/.m2/repository/org/apache/commons/commons-lang3/3.5/commons-lang3-3.5.jar:/home/atlas/.m2/repository/org/yaml/snakeyaml/1.23/snakeyaml-1.23-android.jar:/home/atlas/.m2/repository/com/github/mifmif/generex/1.0.2/generex-1.0.2.jar:/home/atlas/.m2/repository/dk/brics/automaton/automaton/1.11-8/automaton-1.11-8.jar:"/>
    <property name="java.vm.vendor" value="Oracle Corporation"/>
    <property name="sun.arch.data.model" value="64"/>
    <property name="java.vendor.url" value="https://openjdk.java.net/"/>
    <property name="user.timezone" value=""/>
    <property name="java.vm.specification.version" value="11"/>
    <property name="os.name" value="Linux"/>
    <property name="sun.java.launcher" value="SUN_STANDARD"/>
    <property name="user.country" value="US"/>
    <property name="sun.boot.library.path" value="/usr/lib/jvm/java-11-openjdk/lib"/>
    <property name="sun.java.command" value="/home/atlas/coding/mongodb/socialmedia/target/surefire/surefirebooter17797413587168873258.jar /home/atlas/coding/mongodb/socialmedia/target/surefire 2023-09-14T14-51-23_859-jvmRun1 surefire13649343741014557326tmp surefire_018210589786088049987tmp"/>
    <property name="jdk.debug" value="release"/>
    <property name="surefire.test.class.path" value="/home/atlas/coding/mongodb/socialmedia/target/test-classes:/home/atlas/coding/mongodb/socialmedia/target/classes:/home/atlas/.m2/repository/junit/junit/4.11/junit-4.11.jar:/home/atlas/.m2/repository/org/hamcrest/hamcrest-core/1.3/hamcrest-core-1.3.jar:/home/atlas/.m2/repository/org/mongodb/mongodb-driver-sync/4.10.2/mongodb-driver-sync-4.10.2.jar:/home/atlas/.m2/repository/org/mongodb/bson/4.10.2/bson-4.10.2.jar:/home/atlas/.m2/repository/org/mongodb/mongodb-driver-core/4.10.2/mongodb-driver-core-4.10.2.jar:/home/atlas/.m2/repository/org/mongodb/bson-record-codec/4.10.2/bson-record-codec-4.10.2.jar:/home/atlas/.m2/repository/com/github/javafaker/javafaker/1.0.2/javafaker-1.0.2.jar:/home/atlas/.m2/repository/org/apache/commons/commons-lang3/3.5/commons-lang3-3.5.jar:/home/atlas/.m2/repository/org/yaml/snakeyaml/1.23/snakeyaml-1.23-android.jar:/home/atlas/.m2/repository/com/github/mifmif/generex/1.0.2/generex-1.0.2.jar:/home/atlas/.m2/repository/dk/brics/automaton/automaton/1.11-8/automaton-1.11-8.jar:"/>
    <property name="sun.cpu.endian" value="little"/>
    <property name="user.home" value="/home/atlas"/>
    <property name="user.language" value="en"/>
    <property name="java.specification.vendor" value="Oracle Corporation"/>
    <property name="java.version.date" value="2023-08-24"/>
    <property name="java.home" value="/usr/lib/jvm/java-11-openjdk"/>
    <property name="file.separator" value="/"/>
    <property name="basedir" value="/home/atlas/coding/mongodb/socialmedia"/>
    <property name="java.vm.compressedOopsMode" value="32-bit"/>
    <property name="line.separator" value="&#10;"/>
    <property name="java.specification.name" value="Java Platform API Specification"/>
    <property name="java.vm.specification.vendor" value="Oracle Corporation"/>
    <property name="java.awt.graphicsenv" value="sun.awt.X11GraphicsEnvironment"/>
    <property name="surefire.real.class.path" value="/home/atlas/coding/mongodb/socialmedia/target/surefire/surefirebooter17797413587168873258.jar"/>
    <property name="sun.management.compiler" value="HotSpot 64-Bit Tiered Compilers"/>
    <property name="java.runtime.version" value="11.0.20.1+1"/>
    <property name="user.name" value="atlas"/>
    <property name="path.separator" value=":"/>
    <property name="os.version" value="6.4.12-arch1-1"/>
    <property name="java.runtime.name" value="OpenJDK Runtime Environment"/>
    <property name="file.encoding" value="UTF-8"/>
    <property name="java.vm.name" value="OpenJDK 64-Bit Server VM"/>
    <property name="localRepository" value="/home/atlas/.m2/repository"/>
    <property name="java.vendor.url.bug" value="https://bugreport.java.com/bugreport/"/>
    <property name="java.io.tmpdir" value="/tmp"/>
    <property name="java.version" value="11.0.20.1"/>
    <property name="user.dir" value="/home/atlas/coding/mongodb/socialmedia"/>
    <property name="os.arch" value="amd64"/>
    <property name="java.vm.specification.name" value="Java Virtual Machine Specification"/>
    <property name="java.awt.printerjob" value="sun.print.PSPrinterJob"/>
    <property name="sun.os.patch.level" value="unknown"/>
    <property name="java.library.path" value="/usr/java/packages/lib:/usr/lib64:/lib64:/lib:/usr/lib"/>
    <property name="java.vm.info" value="mixed mode"/>
    <property name="java.vendor" value="Oracle Corporation"/>
    <property name="java.vm.version" value="11.0.20.1+1"/>
    <property name="java.specification.maintenance.version" value="2"/>
    <property name="sun.io.unicode.encoding" value="UnicodeLittle"/>
    <property name="java.class.version" value="55.0"/>
  </properties>
  <testcase name="shouldAnswerWithTrue" classname="com.sm.AppTest" time="0.002"/>
</testsuite>