<?xml version="1.0" encoding="UTF-8"?>
<testsuite xmlns:xsi="http://www.w3.org/2001/XMLSchema-instance" xsi:noNamespaceSchemaLocation="https://maven.apache.org/surefire/maven-surefire-plugin/xsd/surefire-test-report.xsd" name="com.aws.AppTest" time="0.045" tests="1" errors="0" skipped="0" failures="0">
  <properties>
    <property name="awt.toolkit" value="sun.awt.X11.XToolkit"/>
    <property name="java.specification.version" value="11"/>
    <property name="sun.cpu.isalist" value=""/>
    <property name="sun.jnu.encoding" value="UTF-8"/>
    <property name="java.class.path" value="/home/atlas/coding/DynamoDB/java-sdk/aws/target/test-classes:/home/atlas/coding/DynamoDB/java-sdk/aws/target/classes:/home/atlas/.m2/repository/junit/junit/4.11/junit-4.11.jar:/home/atlas/.m2/repository/org/hamcrest/hamcrest-core/1.3/hamcrest-core-1.3.jar:/home/atlas/.m2/repository/com/amazonaws/aws-java-sdk-dynamodb/1.12.537/aws-java-sdk-dynamodb-1.12.537.jar:/home/atlas/.m2/repository/com/amazonaws/aws-java-sdk-s3/1.12.537/aws-java-sdk-s3-1.12.537.jar:/home/atlas/.m2/repository/com/amazonaws/aws-java-sdk-kms/1.12.537/aws-java-sdk-kms-1.12.537.jar:/home/atlas/.m2/repository/com/amazonaws/aws-java-sdk-core/1.12.537/aws-java-sdk-core-1.12.537.jar:/home/atlas/.m2/repository/commons-logging/commons-logging/1.1.3/commons-logging-1.1.3.jar:/home/atlas/.m2/repository/commons-codec/commons-codec/1.15/commons-codec-1.15.jar:/home/atlas/.m2/repository/org/apache/httpcomponents/httpclient/4.5.13/httpclient-4.5.13.jar:/home/atlas/.m2/repository/org/apache/httpcomponents/httpcore/4.4.13/httpcore-4.4.13.jar:/home/atlas/.m2/repository/software/amazon/ion/ion-java/1.0.2/ion-java-1.0.2.jar:/home/atlas/.m2/repository/com/fasterxml/jackson/core/jackson-databind/2.12.7.1/jackson-databind-2.12.7.1.jar:/home/atlas/.m2/repository/com/fasterxml/jackson/core/jackson-annotations/2.12.7/jackson-annotations-2.12.7.jar:/home/atlas/.m2/repository/com/fasterxml/jackson/core/jackson-core/2.12.7/jackson-core-2.12.7.jar:/home/atlas/.m2/repository/com/fasterxml/jackson/dataformat/jackson-dataformat-cbor/2.12.6/jackson-dataformat-cbor-2.12.6.jar:/home/atlas/.m2/repository/joda-time/joda-time/2.8.1/joda-time-2.8.1.jar:/home/atlas/.m2/repository/com/amazonaws/jmespath-java/1.12.537/jmespath-java-1.12.537.jar:"/>
    <property name="java.vm.vendor" value="Oracle Corporation"/>
    <property name="sun.arch.data.model" value="64"/>
    <property name="java.vendor.url" value="https://openjdk.java.net/"/>
    <property name="user.timezone" value=""/>
    <property name="java.vm.specification.version" value="11"/>
    <property name="os.name" value="Linux"/>
    <property name="sun.java.launcher" value="SUN_STANDARD"/>
    <property name="user.country" value="US"/>
    <property name="sun.boot.library.path" value="/usr/lib/jvm/java-11-openjdk/lib"/>
    <property name="sun.java.command" value="/home/atlas/coding/DynamoDB/java-sdk/aws/target/surefire/surefirebooter4026138119698155011.jar /home/atlas/coding/DynamoDB/java-sdk/aws/target/surefire 2023-08-26T13-25-28_352-jvmRun1 surefire10810991131223353073tmp surefire_08624334971420019190tmp"/>
    <property name="jdk.debug" value="release"/>
    <property name="surefire.test.class.path" value="/home/atlas/coding/DynamoDB/java-sdk/aws/target/test-classes:/home/atlas/coding/DynamoDB/java-sdk/aws/target/classes:/home/atlas/.m2/repository/junit/junit/4.11/junit-4.11.jar:/home/atlas/.m2/repository/org/hamcrest/hamcrest-core/1.3/hamcrest-core-1.3.jar:/home/atlas/.m2/repository/com/amazonaws/aws-java-sdk-dynamodb/1.12.537/aws-java-sdk-dynamodb-1.12.537.jar:/home/atlas/.m2/repository/com/amazonaws/aws-java-sdk-s3/1.12.537/aws-java-sdk-s3-1.12.537.jar:/home/atlas/.m2/repository/com/amazonaws/aws-java-sdk-kms/1.12.537/aws-java-sdk-kms-1.12.537.jar:/home/atlas/.m2/repository/com/amazonaws/aws-java-sdk-core/1.12.537/aws-java-sdk-core-1.12.537.jar:/home/atlas/.m2/repository/commons-logging/commons-logging/1.1.3/commons-logging-1.1.3.jar:/home/atlas/.m2/repository/commons-codec/commons-codec/1.15/commons-codec-1.15.jar:/home/atlas/.m2/repository/org/apache/httpcomponents/httpclient/4.5.13/httpclient-4.5.13.jar:/home/atlas/.m2/repository/org/apache/httpcomponents/httpcore/4.4.13/httpcore-4.4.13.jar:/home/atlas/.m2/repository/software/amazon/ion/ion-java/1.0.2/ion-java-1.0.2.jar:/home/atlas/.m2/repository/com/fasterxml/jackson/core/jackson-databind/2.12.7.1/jackson-databind-2.12.7.1.jar:/home/atlas/.m2/repository/com/fasterxml/jackson/core/jackson-annotations/2.12.7/jackson-annotations-2.12.7.jar:/home/atlas/.m2/repository/com/fasterxml/jackson/core/jackson-core/2.12.7/jackson-core-2.12.7.jar:/home/atlas/.m2/repository/com/fasterxml/jackson/dataformat/jackson-dataformat-cbor/2.12.6/jackson-dataformat-cbor-2.12.6.jar:/home/atlas/.m2/repository/joda-time/joda-time/2.8.1/joda-time-2.8.1.jar:/home/atlas/.m2/repository/com/amazonaws/jmespath-java/1.12.537/jmespath-java-1.12.537.jar:"/>
    <property name="sun.cpu.endian" value="little"/>
    <property name="user.home" value="/home/atlas"/>
    <property name="user.language" value="en"/>
    <property name="java.specification.vendor" value="Oracle Corporation"/>
    <property name="java.version.date" value="2023-07-18"/>
    <property name="java.home" value="/usr/lib/jvm/java-11-openjdk"/>
    <property name="file.separator" value="/"/>
    <property name="basedir" value="/home/atlas/coding/DynamoDB/java-sdk/aws"/>
    <property name="java.vm.compressedOopsMode" value="32-bit"/>
    <property name="line.separator" value="&#10;"/>
    <property name="java.specification.name" value="Java Platform API Specification"/>
    <property name="java.vm.specification.vendor" value="Oracle Corporation"/>
    <property name="java.awt.graphicsenv" value="sun.awt.X11GraphicsEnvironment"/>
    <property name="surefire.real.class.path" value="/home/atlas/coding/DynamoDB/java-sdk/aws/target/surefire/surefirebooter4026138119698155011.jar"/>
    <property name="sun.management.compiler" value="HotSpot 64-Bit Tiered Compilers"/>
    <property name="java.runtime.version" value="11.0.20+8"/>
    <property name="user.name" value="atlas"/>
    <property name="path.separator" value=":"/>
    <property name="os.version" value="6.4.8-arch1-1"/>
    <property name="java.runtime.name" value="OpenJDK Runtime Environment"/>
    <property name="file.encoding" value="UTF-8"/>
    <property name="java.vm.name" value="OpenJDK 64-Bit Server VM"/>
    <property name="localRepository" value="/home/atlas/.m2/repository"/>
    <property name="java.vendor.url.bug" value="https://bugreport.java.com/bugreport/"/>
    <property name="java.io.tmpdir" value="/tmp"/>
    <property name="java.version" value="11.0.20"/>
    <property name="user.dir" value="/home/atlas/coding/DynamoDB/java-sdk/aws"/>
    <property name="os.arch" value="amd64"/>
    <property name="java.vm.specification.name" value="Java Virtual Machine Specification"/>
    <property name="java.awt.printerjob" value="sun.print.PSPrinterJob"/>
    <property name="sun.os.patch.level" value="unknown"/>
    <property name="java.library.path" value="/usr/java/packages/lib:/usr/lib64:/lib64:/lib:/usr/lib"/>
    <property name="java.vm.info" value="mixed mode"/>
    <property name="java.vendor" value="Oracle Corporation"/>
    <property name="java.vm.version" value="11.0.20+8"/>
    <property name="java.specification.maintenance.version" value="2"/>
    <property name="sun.io.unicode.encoding" value="UnicodeLittle"/>
    <property name="java.class.version" value="55.0"/>
  </properties>
  <testcase name="shouldAnswerWithTrue" classname="com.aws.AppTest" time="0.003"/>
</testsuite>